2020-05-15 10:23:25,628 INFO 24560 [egg:logger] init all loggers with options: {"dir":"D:\\workspaceMy\\study\\nodejs\\egg\\example\\manual\\logs\\manual","encoding":"utf8","env":"local","level":"INFO","consoleLevel":"INFO","disableConsoleAfterReady":false,"outputJSON":false,"buffer":true,"appLogName":"manual-web.log","coreLogName":"egg-web.log","agentLogName":"egg-agent.log","errorLogName":"common-error.log","coreLogger":{"consoleLevel":"WARN"},"allowDebugAtProd":false,"type":"application"}
2020-05-15 10:23:25,650 INFO 24560 [egg-multipart] stream mode enable
2020-05-15 10:23:25,708 INFO 24560 [egg-static] starting static serve /public/ -> D:\workspaceMy\study\nodejs\egg\example\manual\app\public
2020-05-15 10:23:25,711 INFO 24560 [egg-security] use csrf middleware
2020-05-15 10:23:25,712 INFO 24560 [egg-security] use methodnoallow middleware
2020-05-15 10:23:25,712 INFO 24560 [egg-security] use noopen middleware
2020-05-15 10:23:25,713 INFO 24560 [egg-security] use nosniff middleware
2020-05-15 10:23:25,713 INFO 24560 [egg-security] use xssProtection middleware
2020-05-15 10:23:25,714 INFO 24560 [egg-security] use xframe middleware
2020-05-15 10:23:25,714 INFO 24560 [egg-security] use dta middleware
2020-05-15 10:23:25,714 INFO 24560 [egg-security] compose 7 middlewares into one security middleware
2020-05-15 10:23:25,725 INFO 24560 [egg:core] dump config after load, 7ms
2020-05-15 10:23:25,738 INFO 24560 [egg-watcher:application] watcher start success
2020-05-15 10:23:25,748 INFO 24560 [egg:core] dump config after ready, 8ms
2020-05-15 11:07:30,434 INFO 22760 [egg:logger] init all loggers with options: {"dir":"D:\\workspaceMy\\study\\nodejs\\egg\\example\\manual\\logs\\manual","encoding":"utf8","env":"local","level":"INFO","consoleLevel":"INFO","disableConsoleAfterReady":false,"outputJSON":false,"buffer":true,"appLogName":"manual-web.log","coreLogName":"egg-web.log","agentLogName":"egg-agent.log","errorLogName":"common-error.log","coreLogger":{"consoleLevel":"WARN"},"allowDebugAtProd":false,"type":"application"}
2020-05-15 11:07:30,455 INFO 22760 [egg-multipart] stream mode enable
2020-05-15 11:07:30,507 INFO 22760 [egg-static] starting static serve /public/ -> D:\workspaceMy\study\nodejs\egg\example\manual\app\public
2020-05-15 11:07:30,509 INFO 22760 [egg-security] use csrf middleware
2020-05-15 11:07:30,510 INFO 22760 [egg-security] use methodnoallow middleware
2020-05-15 11:07:30,510 INFO 22760 [egg-security] use noopen middleware
2020-05-15 11:07:30,511 INFO 22760 [egg-security] use nosniff middleware
2020-05-15 11:07:30,512 INFO 22760 [egg-security] use xssProtection middleware
2020-05-15 11:07:30,512 INFO 22760 [egg-security] use xframe middleware
2020-05-15 11:07:30,512 INFO 22760 [egg-security] use dta middleware
2020-05-15 11:07:30,512 INFO 22760 [egg-security] compose 7 middlewares into one security middleware
2020-05-15 11:07:30,521 INFO 22760 [egg:core] dump config after load, 5ms
2020-05-15 11:07:30,533 INFO 22760 [egg-watcher:application] watcher start success
2020-05-15 11:07:30,542 INFO 22760 [egg:core] dump config after ready, 7ms
2020-05-15 11:08:13,822 INFO 22760 [egg-view-nunjucks] loading templates from ["D:\\workspaceMy\\study\\nodejs\\egg\\example\\manual\\app\\view"]
2020-05-15 11:15:28,216 INFO 22988 [egg:logger] init all loggers with options: {"dir":"D:\\workspaceMy\\study\\nodejs\\egg\\example\\manual\\logs\\manual","encoding":"utf8","env":"local","level":"INFO","consoleLevel":"INFO","disableConsoleAfterReady":false,"outputJSON":false,"buffer":true,"appLogName":"manual-web.log","coreLogName":"egg-web.log","agentLogName":"egg-agent.log","errorLogName":"common-error.log","coreLogger":{"consoleLevel":"WARN"},"allowDebugAtProd":false,"type":"application"}
2020-05-15 11:15:28,242 INFO 22988 [egg-multipart] stream mode enable
2020-05-15 11:15:28,297 INFO 22988 [egg-static] starting static serve /public/ -> D:\workspaceMy\study\nodejs\egg\example\manual\app\public
2020-05-15 11:15:28,300 INFO 22988 [egg-security] use csrf middleware
2020-05-15 11:15:28,301 INFO 22988 [egg-security] use methodnoallow middleware
2020-05-15 11:15:28,301 INFO 22988 [egg-security] use noopen middleware
2020-05-15 11:15:28,302 INFO 22988 [egg-security] use nosniff middleware
2020-05-15 11:15:28,302 INFO 22988 [egg-security] use xssProtection middleware
2020-05-15 11:15:28,303 INFO 22988 [egg-security] use xframe middleware
2020-05-15 11:15:28,303 INFO 22988 [egg-security] use dta middleware
2020-05-15 11:15:28,303 INFO 22988 [egg-security] compose 7 middlewares into one security middleware
2020-05-15 11:15:28,312 INFO 22988 [egg:core] dump config after load, 5ms
2020-05-15 11:15:28,322 INFO 22988 [egg-watcher:application] watcher start success
2020-05-15 11:15:28,330 INFO 22988 [egg:core] dump config after ready, 7ms
2020-05-15 11:15:29,092 INFO 23832 [egg:logger] init all loggers with options: {"dir":"D:\\workspaceMy\\study\\nodejs\\egg\\example\\manual\\logs\\manual","encoding":"utf8","env":"local","level":"INFO","consoleLevel":"INFO","disableConsoleAfterReady":false,"outputJSON":false,"buffer":true,"appLogName":"manual-web.log","coreLogName":"egg-web.log","agentLogName":"egg-agent.log","errorLogName":"common-error.log","coreLogger":{"consoleLevel":"WARN"},"allowDebugAtProd":false,"type":"application"}
2020-05-15 11:15:29,114 INFO 23832 [egg-multipart] stream mode enable
2020-05-15 11:15:29,166 INFO 23832 [egg-static] starting static serve /public/ -> D:\workspaceMy\study\nodejs\egg\example\manual\app\public
2020-05-15 11:15:29,168 INFO 23832 [egg-security] use csrf middleware
2020-05-15 11:15:29,169 INFO 23832 [egg-security] use methodnoallow middleware
2020-05-15 11:15:29,169 INFO 23832 [egg-security] use noopen middleware
2020-05-15 11:15:29,170 INFO 23832 [egg-security] use nosniff middleware
2020-05-15 11:15:29,170 INFO 23832 [egg-security] use xssProtection middleware
2020-05-15 11:15:29,170 INFO 23832 [egg-security] use xframe middleware
2020-05-15 11:15:29,171 INFO 23832 [egg-security] use dta middleware
2020-05-15 11:15:29,171 INFO 23832 [egg-security] compose 7 middlewares into one security middleware
2020-05-15 11:15:29,180 INFO 23832 [egg:core] dump config after load, 5ms
2020-05-15 11:15:29,189 INFO 23832 [egg-watcher:application] watcher start success
2020-05-15 11:15:29,197 INFO 23832 [egg:core] dump config after ready, 7ms
2020-05-15 11:15:30,035 INFO 23624 [egg:logger] init all loggers with options: {"dir":"D:\\workspaceMy\\study\\nodejs\\egg\\example\\manual\\logs\\manual","encoding":"utf8","env":"local","level":"INFO","consoleLevel":"INFO","disableConsoleAfterReady":false,"outputJSON":false,"buffer":true,"appLogName":"manual-web.log","coreLogName":"egg-web.log","agentLogName":"egg-agent.log","errorLogName":"common-error.log","coreLogger":{"consoleLevel":"WARN"},"allowDebugAtProd":false,"type":"application"}
2020-05-15 11:15:30,063 INFO 23624 [egg-multipart] stream mode enable
2020-05-15 11:15:30,113 INFO 23624 [egg-static] starting static serve /public/ -> D:\workspaceMy\study\nodejs\egg\example\manual\app\public
2020-05-15 11:15:30,115 INFO 23624 [egg-security] use csrf middleware
2020-05-15 11:15:30,116 INFO 23624 [egg-security] use methodnoallow middleware
2020-05-15 11:15:30,117 INFO 23624 [egg-security] use noopen middleware
2020-05-15 11:15:30,117 INFO 23624 [egg-security] use nosniff middleware
2020-05-15 11:15:30,118 INFO 23624 [egg-security] use xssProtection middleware
2020-05-15 11:15:30,118 INFO 23624 [egg-security] use xframe middleware
2020-05-15 11:15:30,118 INFO 23624 [egg-security] use dta middleware
2020-05-15 11:15:30,118 INFO 23624 [egg-security] compose 7 middlewares into one security middleware
2020-05-15 11:15:30,127 INFO 23624 [egg:core] dump config after load, 5ms
2020-05-15 11:15:30,136 INFO 23624 [egg-watcher:application] watcher start success
2020-05-15 11:15:30,142 INFO 23624 [egg:core] dump config after ready, 5ms
2020-05-15 11:18:12,519 INFO 20636 [egg:logger] init all loggers with options: {"dir":"D:\\workspaceMy\\study\\nodejs\\egg\\example\\manual\\logs\\manual","encoding":"utf8","env":"local","level":"INFO","consoleLevel":"INFO","disableConsoleAfterReady":false,"outputJSON":false,"buffer":true,"appLogName":"manual-web.log","coreLogName":"egg-web.log","agentLogName":"egg-agent.log","errorLogName":"common-error.log","coreLogger":{"consoleLevel":"WARN"},"allowDebugAtProd":false,"type":"application"}
2020-05-15 11:18:12,541 INFO 20636 [egg-multipart] stream mode enable
2020-05-15 11:18:12,593 INFO 20636 [egg-static] starting static serve /public/ -> D:\workspaceMy\study\nodejs\egg\example\manual\app\public
2020-05-15 11:18:12,595 INFO 20636 [egg-security] use csrf middleware
2020-05-15 11:18:12,596 INFO 20636 [egg-security] use methodnoallow middleware
2020-05-15 11:18:12,596 INFO 20636 [egg-security] use noopen middleware
2020-05-15 11:18:12,597 INFO 20636 [egg-security] use nosniff middleware
2020-05-15 11:18:12,598 INFO 20636 [egg-security] use xssProtection middleware
2020-05-15 11:18:12,598 INFO 20636 [egg-security] use xframe middleware
2020-05-15 11:18:12,598 INFO 20636 [egg-security] use dta middleware
2020-05-15 11:18:12,598 INFO 20636 [egg-security] compose 7 middlewares into one security middleware
2020-05-15 11:18:12,608 INFO 20636 [egg:core] dump config after load, 6ms
2020-05-15 11:18:12,616 INFO 20636 [egg-watcher:application] watcher start success
2020-05-15 11:18:12,624 INFO 20636 [egg:core] dump config after ready, 6ms
2020-05-15 11:18:38,390 INFO 20908 [egg:logger] init all loggers with options: {"dir":"D:\\workspaceMy\\study\\nodejs\\egg\\example\\manual\\logs\\manual","encoding":"utf8","env":"local","level":"INFO","consoleLevel":"INFO","disableConsoleAfterReady":false,"outputJSON":false,"buffer":true,"appLogName":"manual-web.log","coreLogName":"egg-web.log","agentLogName":"egg-agent.log","errorLogName":"common-error.log","coreLogger":{"consoleLevel":"WARN"},"allowDebugAtProd":false,"type":"application"}
2020-05-15 11:18:38,412 INFO 20908 [egg-multipart] stream mode enable
2020-05-15 11:18:38,462 INFO 20908 [egg-static] starting static serve /public/ -> D:\workspaceMy\study\nodejs\egg\example\manual\app\public
2020-05-15 11:18:38,464 INFO 20908 [egg-security] use csrf middleware
2020-05-15 11:18:38,465 INFO 20908 [egg-security] use methodnoallow middleware
2020-05-15 11:18:38,466 INFO 20908 [egg-security] use noopen middleware
2020-05-15 11:18:38,466 INFO 20908 [egg-security] use nosniff middleware
2020-05-15 11:18:38,467 INFO 20908 [egg-security] use xssProtection middleware
2020-05-15 11:18:38,467 INFO 20908 [egg-security] use xframe middleware
2020-05-15 11:18:38,467 INFO 20908 [egg-security] use dta middleware
2020-05-15 11:18:38,467 INFO 20908 [egg-security] compose 7 middlewares into one security middleware
2020-05-15 11:18:38,476 INFO 20908 [egg:core] dump config after load, 5ms
2020-05-15 11:18:38,484 INFO 20908 [egg-watcher:application] watcher start success
2020-05-15 11:18:38,491 INFO 20908 [egg:core] dump config after ready, 5ms
2020-05-15 11:18:39,353 INFO 24028 [egg:logger] init all loggers with options: {"dir":"D:\\workspaceMy\\study\\nodejs\\egg\\example\\manual\\logs\\manual","encoding":"utf8","env":"local","level":"INFO","consoleLevel":"INFO","disableConsoleAfterReady":false,"outputJSON":false,"buffer":true,"appLogName":"manual-web.log","coreLogName":"egg-web.log","agentLogName":"egg-agent.log","errorLogName":"common-error.log","coreLogger":{"consoleLevel":"WARN"},"allowDebugAtProd":false,"type":"application"}
2020-05-15 11:18:39,375 INFO 24028 [egg-multipart] stream mode enable
2020-05-15 11:18:39,431 INFO 24028 [egg-static] starting static serve /public/ -> D:\workspaceMy\study\nodejs\egg\example\manual\app\public
2020-05-15 11:18:39,433 INFO 24028 [egg-security] use csrf middleware
2020-05-15 11:18:39,434 INFO 24028 [egg-security] use methodnoallow middleware
2020-05-15 11:18:39,435 INFO 24028 [egg-security] use noopen middleware
2020-05-15 11:18:39,436 INFO 24028 [egg-security] use nosniff middleware
2020-05-15 11:18:39,436 INFO 24028 [egg-security] use xssProtection middleware
2020-05-15 11:18:39,436 INFO 24028 [egg-security] use xframe middleware
2020-05-15 11:18:39,437 INFO 24028 [egg-security] use dta middleware
2020-05-15 11:18:39,437 INFO 24028 [egg-security] compose 7 middlewares into one security middleware
2020-05-15 11:18:39,446 INFO 24028 [egg:core] dump config after load, 6ms
2020-05-15 11:18:39,455 INFO 24028 [egg-watcher:application] watcher start success
2020-05-15 11:18:39,464 INFO 24028 [egg:core] dump config after ready, 7ms
2020-05-15 11:20:22,023 INFO 19084 [egg:logger] init all loggers with options: {"dir":"D:\\workspaceMy\\study\\nodejs\\egg\\example\\manual\\logs\\manual","encoding":"utf8","env":"local","level":"INFO","consoleLevel":"INFO","disableConsoleAfterReady":false,"outputJSON":false,"buffer":true,"appLogName":"manual-web.log","coreLogName":"egg-web.log","agentLogName":"egg-agent.log","errorLogName":"common-error.log","coreLogger":{"consoleLevel":"WARN"},"allowDebugAtProd":false,"type":"application"}
2020-05-15 11:20:22,044 INFO 19084 [egg-multipart] stream mode enable
2020-05-15 11:20:22,094 INFO 19084 [egg-static] starting static serve /public/ -> D:\workspaceMy\study\nodejs\egg\example\manual\app\public
2020-05-15 11:20:22,096 INFO 19084 [egg-security] use csrf middleware
2020-05-15 11:20:22,097 INFO 19084 [egg-security] use methodnoallow middleware
2020-05-15 11:20:22,097 INFO 19084 [egg-security] use noopen middleware
2020-05-15 11:20:22,098 INFO 19084 [egg-security] use nosniff middleware
2020-05-15 11:20:22,099 INFO 19084 [egg-security] use xssProtection middleware
2020-05-15 11:20:22,099 INFO 19084 [egg-security] use xframe middleware
2020-05-15 11:20:22,099 INFO 19084 [egg-security] use dta middleware
2020-05-15 11:20:22,099 INFO 19084 [egg-security] compose 7 middlewares into one security middleware
2020-05-15 11:20:22,108 INFO 19084 [egg:core] dump config after load, 5ms
2020-05-15 11:20:22,117 INFO 19084 [egg-watcher:application] watcher start success
2020-05-15 11:20:22,124 INFO 19084 [egg:core] dump config after ready, 6ms
2020-05-15 11:20:24,193 INFO 14784 [egg:logger] init all loggers with options: {"dir":"D:\\workspaceMy\\study\\nodejs\\egg\\example\\manual\\logs\\manual","encoding":"utf8","env":"local","level":"INFO","consoleLevel":"INFO","disableConsoleAfterReady":false,"outputJSON":false,"buffer":true,"appLogName":"manual-web.log","coreLogName":"egg-web.log","agentLogName":"egg-agent.log","errorLogName":"common-error.log","coreLogger":{"consoleLevel":"WARN"},"allowDebugAtProd":false,"type":"application"}
2020-05-15 11:20:24,216 INFO 14784 [egg-multipart] stream mode enable
2020-05-15 11:20:24,267 INFO 14784 [egg-static] starting static serve /public/ -> D:\workspaceMy\study\nodejs\egg\example\manual\app\public
2020-05-15 11:20:24,269 INFO 14784 [egg-security] use csrf middleware
2020-05-15 11:20:24,270 INFO 14784 [egg-security] use methodnoallow middleware
2020-05-15 11:20:24,271 INFO 14784 [egg-security] use noopen middleware
2020-05-15 11:20:24,271 INFO 14784 [egg-security] use nosniff middleware
2020-05-15 11:20:24,272 INFO 14784 [egg-security] use xssProtection middleware
2020-05-15 11:20:24,272 INFO 14784 [egg-security] use xframe middleware
2020-05-15 11:20:24,272 INFO 14784 [egg-security] use dta middleware
2020-05-15 11:20:24,272 INFO 14784 [egg-security] compose 7 middlewares into one security middleware
2020-05-15 11:20:24,281 INFO 14784 [egg:core] dump config after load, 5ms
2020-05-15 11:20:24,289 INFO 14784 [egg-watcher:application] watcher start success
2020-05-15 11:20:24,297 INFO 14784 [egg:core] dump config after ready, 5ms
2020-05-15 11:23:46,506 INFO 10168 [egg:logger] init all loggers with options: {"dir":"D:\\workspaceMy\\study\\nodejs\\egg\\example\\manual\\logs\\manual","encoding":"utf8","env":"local","level":"INFO","consoleLevel":"INFO","disableConsoleAfterReady":false,"outputJSON":false,"buffer":true,"appLogName":"manual-web.log","coreLogName":"egg-web.log","agentLogName":"egg-agent.log","errorLogName":"common-error.log","coreLogger":{"consoleLevel":"WARN"},"allowDebugAtProd":false,"type":"application"}
2020-05-15 11:23:46,529 INFO 10168 [egg-multipart] stream mode enable
2020-05-15 11:23:46,588 INFO 10168 [egg-static] starting static serve /public/ -> D:\workspaceMy\study\nodejs\egg\example\manual\app\public
2020-05-15 11:23:46,591 INFO 10168 [egg-security] use csrf middleware
2020-05-15 11:23:46,592 INFO 10168 [egg-security] use methodnoallow middleware
2020-05-15 11:23:46,592 INFO 10168 [egg-security] use noopen middleware
2020-05-15 11:23:46,593 INFO 10168 [egg-security] use nosniff middleware
2020-05-15 11:23:46,594 INFO 10168 [egg-security] use xssProtection middleware
2020-05-15 11:23:46,594 INFO 10168 [egg-security] use xframe middleware
2020-05-15 11:23:46,595 INFO 10168 [egg-security] use dta middleware
2020-05-15 11:23:46,595 INFO 10168 [egg-security] compose 7 middlewares into one security middleware
2020-05-15 11:23:46,604 INFO 10168 [egg:core] dump config after load, 6ms
2020-05-15 11:23:46,616 INFO 10168 [egg-watcher:application] watcher start success
2020-05-15 11:23:46,627 INFO 10168 [egg:core] dump config after ready, 8ms
2020-05-15 11:23:47,414 INFO 21624 [egg:logger] init all loggers with options: {"dir":"D:\\workspaceMy\\study\\nodejs\\egg\\example\\manual\\logs\\manual","encoding":"utf8","env":"local","level":"INFO","consoleLevel":"INFO","disableConsoleAfterReady":false,"outputJSON":false,"buffer":true,"appLogName":"manual-web.log","coreLogName":"egg-web.log","agentLogName":"egg-agent.log","errorLogName":"common-error.log","coreLogger":{"consoleLevel":"WARN"},"allowDebugAtProd":false,"type":"application"}
2020-05-15 11:23:47,441 INFO 21624 [egg-multipart] stream mode enable
2020-05-15 11:23:47,495 INFO 21624 [egg-static] starting static serve /public/ -> D:\workspaceMy\study\nodejs\egg\example\manual\app\public
2020-05-15 11:23:47,497 INFO 21624 [egg-security] use csrf middleware
2020-05-15 11:23:47,498 INFO 21624 [egg-security] use methodnoallow middleware
2020-05-15 11:23:47,498 INFO 21624 [egg-security] use noopen middleware
2020-05-15 11:23:47,499 INFO 21624 [egg-security] use nosniff middleware
2020-05-15 11:23:47,499 INFO 21624 [egg-security] use xssProtection middleware
2020-05-15 11:23:47,500 INFO 21624 [egg-security] use xframe middleware
2020-05-15 11:23:47,500 INFO 21624 [egg-security] use dta middleware
2020-05-15 11:23:47,500 INFO 21624 [egg-security] compose 7 middlewares into one security middleware
2020-05-15 11:23:47,511 INFO 21624 [egg:core] dump config after load, 7ms
2020-05-15 11:23:47,523 INFO 21624 [egg-watcher:application] watcher start success
2020-05-15 11:23:47,531 INFO 21624 [egg:core] dump config after ready, 7ms
2020-05-15 11:24:32,703 INFO 22584 [egg:logger] init all loggers with options: {"dir":"D:\\workspaceMy\\study\\nodejs\\egg\\example\\manual\\logs\\manual","encoding":"utf8","env":"local","level":"INFO","consoleLevel":"INFO","disableConsoleAfterReady":false,"outputJSON":false,"buffer":true,"appLogName":"manual-web.log","coreLogName":"egg-web.log","agentLogName":"egg-agent.log","errorLogName":"common-error.log","coreLogger":{"consoleLevel":"WARN"},"allowDebugAtProd":false,"type":"application"}
2020-05-15 11:24:32,725 INFO 22584 [egg-multipart] stream mode enable
2020-05-15 11:24:32,778 INFO 22584 [egg-static] starting static serve /public/ -> D:\workspaceMy\study\nodejs\egg\example\manual\app\public
2020-05-15 11:24:32,780 INFO 22584 [egg-security] use csrf middleware
2020-05-15 11:24:32,781 INFO 22584 [egg-security] use methodnoallow middleware
2020-05-15 11:24:32,782 INFO 22584 [egg-security] use noopen middleware
2020-05-15 11:24:32,782 INFO 22584 [egg-security] use nosniff middleware
2020-05-15 11:24:32,783 INFO 22584 [egg-security] use xssProtection middleware
2020-05-15 11:24:32,783 INFO 22584 [egg-security] use xframe middleware
2020-05-15 11:24:32,783 INFO 22584 [egg-security] use dta middleware
2020-05-15 11:24:32,784 INFO 22584 [egg-security] compose 7 middlewares into one security middleware
2020-05-15 11:24:32,792 INFO 22584 [egg:core] dump config after load, 5ms
2020-05-15 11:24:32,801 INFO 22584 [egg-watcher:application] watcher start success
2020-05-15 11:24:32,808 INFO 22584 [egg:core] dump config after ready, 5ms
2020-05-15 11:27:22,920 INFO 24364 [egg:logger] init all loggers with options: {"dir":"D:\\workspaceMy\\study\\nodejs\\egg\\example\\manual\\logs\\manual","encoding":"utf8","env":"local","level":"INFO","consoleLevel":"INFO","disableConsoleAfterReady":false,"outputJSON":false,"buffer":true,"appLogName":"manual-web.log","coreLogName":"egg-web.log","agentLogName":"egg-agent.log","errorLogName":"common-error.log","coreLogger":{"consoleLevel":"WARN"},"allowDebugAtProd":false,"type":"application"}
2020-05-15 11:27:22,947 INFO 24364 [egg-multipart] stream mode enable
2020-05-15 11:27:23,004 INFO 24364 [egg-static] starting static serve /public/ -> D:\workspaceMy\study\nodejs\egg\example\manual\app\public
2020-05-15 11:27:23,007 INFO 24364 [egg-security] use csrf middleware
2020-05-15 11:27:23,008 INFO 24364 [egg-security] use methodnoallow middleware
2020-05-15 11:27:23,009 INFO 24364 [egg-security] use noopen middleware
2020-05-15 11:27:23,010 INFO 24364 [egg-security] use nosniff middleware
2020-05-15 11:27:23,010 INFO 24364 [egg-security] use xssProtection middleware
2020-05-15 11:27:23,011 INFO 24364 [egg-security] use xframe middleware
2020-05-15 11:27:23,011 INFO 24364 [egg-security] use dta middleware
2020-05-15 11:27:23,011 INFO 24364 [egg-security] compose 7 middlewares into one security middleware
2020-05-15 11:27:23,021 INFO 24364 [egg:core] dump config after load, 7ms
2020-05-15 11:27:23,031 INFO 24364 [egg-watcher:application] watcher start success
2020-05-15 11:27:23,041 INFO 24364 [egg:core] dump config after ready, 8ms
2020-05-15 11:29:09,464 INFO 20292 [egg:logger] init all loggers with options: {"dir":"D:\\workspaceMy\\study\\nodejs\\egg\\example\\manual\\logs\\manual","encoding":"utf8","env":"local","level":"INFO","consoleLevel":"INFO","disableConsoleAfterReady":false,"outputJSON":false,"buffer":true,"appLogName":"manual-web.log","coreLogName":"egg-web.log","agentLogName":"egg-agent.log","errorLogName":"common-error.log","coreLogger":{"consoleLevel":"WARN"},"allowDebugAtProd":false,"type":"application"}
2020-05-15 11:29:09,488 INFO 20292 [egg-multipart] stream mode enable
2020-05-15 11:29:09,545 INFO 20292 [egg-static] starting static serve /public/ -> D:\workspaceMy\study\nodejs\egg\example\manual\app\public
2020-05-15 11:29:09,547 INFO 20292 [egg-security] use csrf middleware
2020-05-15 11:29:09,548 INFO 20292 [egg-security] use methodnoallow middleware
2020-05-15 11:29:09,548 INFO 20292 [egg-security] use noopen middleware
2020-05-15 11:29:09,549 INFO 20292 [egg-security] use nosniff middleware
2020-05-15 11:29:09,549 INFO 20292 [egg-security] use xssProtection middleware
2020-05-15 11:29:09,549 INFO 20292 [egg-security] use xframe middleware
2020-05-15 11:29:09,550 INFO 20292 [egg-security] use dta middleware
2020-05-15 11:29:09,550 INFO 20292 [egg-security] compose 7 middlewares into one security middleware
2020-05-15 11:29:09,559 INFO 20292 [egg:core] dump config after load, 6ms
2020-05-15 11:29:09,569 INFO 20292 [egg-watcher:application] watcher start success
2020-05-15 11:29:09,577 INFO 20292 [egg:core] dump config after ready, 6ms
2020-05-15 11:29:18,634 INFO 19672 [egg:logger] init all loggers with options: {"dir":"D:\\workspaceMy\\study\\nodejs\\egg\\example\\manual\\logs\\manual","encoding":"utf8","env":"local","level":"INFO","consoleLevel":"INFO","disableConsoleAfterReady":false,"outputJSON":false,"buffer":true,"appLogName":"manual-web.log","coreLogName":"egg-web.log","agentLogName":"egg-agent.log","errorLogName":"common-error.log","coreLogger":{"consoleLevel":"WARN"},"allowDebugAtProd":false,"type":"application"}
2020-05-15 11:29:18,657 INFO 19672 [egg-multipart] stream mode enable
2020-05-15 11:29:18,707 INFO 19672 [egg-static] starting static serve /public/ -> D:\workspaceMy\study\nodejs\egg\example\manual\app\public
2020-05-15 11:29:18,709 INFO 19672 [egg-security] use csrf middleware
2020-05-15 11:29:18,710 INFO 19672 [egg-security] use methodnoallow middleware
2020-05-15 11:29:18,710 INFO 19672 [egg-security] use noopen middleware
2020-05-15 11:29:18,711 INFO 19672 [egg-security] use nosniff middleware
2020-05-15 11:29:18,711 INFO 19672 [egg-security] use xssProtection middleware
2020-05-15 11:29:18,712 INFO 19672 [egg-security] use xframe middleware
2020-05-15 11:29:18,712 INFO 19672 [egg-security] use dta middleware
2020-05-15 11:29:18,712 INFO 19672 [egg-security] compose 7 middlewares into one security middleware
2020-05-15 11:29:18,721 INFO 19672 [egg:core] dump config after load, 5ms
2020-05-15 11:29:18,729 INFO 19672 [egg-watcher:application] watcher start success
2020-05-15 11:29:18,736 INFO 19672 [egg:core] dump config after ready, 6ms
2020-05-15 11:29:35,845 INFO 24024 [egg:logger] init all loggers with options: {"dir":"D:\\workspaceMy\\study\\nodejs\\egg\\example\\manual\\logs\\manual","encoding":"utf8","env":"local","level":"INFO","consoleLevel":"INFO","disableConsoleAfterReady":false,"outputJSON":false,"buffer":true,"appLogName":"manual-web.log","coreLogName":"egg-web.log","agentLogName":"egg-agent.log","errorLogName":"common-error.log","coreLogger":{"consoleLevel":"WARN"},"allowDebugAtProd":false,"type":"application"}
2020-05-15 11:29:35,867 INFO 24024 [egg-multipart] stream mode enable
2020-05-15 11:29:35,918 INFO 24024 [egg-static] starting static serve /public/ -> D:\workspaceMy\study\nodejs\egg\example\manual\app\public
2020-05-15 11:29:35,920 INFO 24024 [egg-security] use csrf middleware
2020-05-15 11:29:35,921 INFO 24024 [egg-security] use methodnoallow middleware
2020-05-15 11:29:35,921 INFO 24024 [egg-security] use noopen middleware
2020-05-15 11:29:35,922 INFO 24024 [egg-security] use nosniff middleware
2020-05-15 11:29:35,922 INFO 24024 [egg-security] use xssProtection middleware
2020-05-15 11:29:35,923 INFO 24024 [egg-security] use xframe middleware
2020-05-15 11:29:35,923 INFO 24024 [egg-security] use dta middleware
2020-05-15 11:29:35,923 INFO 24024 [egg-security] compose 7 middlewares into one security middleware
2020-05-15 11:29:35,932 INFO 24024 [egg:core] dump config after load, 5ms
2020-05-15 11:29:35,941 INFO 24024 [egg-watcher:application] watcher start success
2020-05-15 11:29:35,948 INFO 24024 [egg:core] dump config after ready, 5ms
2020-05-15 11:30:09,436 INFO 20976 [egg:logger] init all loggers with options: {"dir":"D:\\workspaceMy\\study\\nodejs\\egg\\example\\manual\\logs\\manual","encoding":"utf8","env":"local","level":"INFO","consoleLevel":"INFO","disableConsoleAfterReady":false,"outputJSON":false,"buffer":true,"appLogName":"manual-web.log","coreLogName":"egg-web.log","agentLogName":"egg-agent.log","errorLogName":"common-error.log","coreLogger":{"consoleLevel":"WARN"},"allowDebugAtProd":false,"type":"application"}
2020-05-15 11:30:09,459 INFO 20976 [egg-multipart] stream mode enable
2020-05-15 11:30:09,509 INFO 20976 [egg-static] starting static serve /public/ -> D:\workspaceMy\study\nodejs\egg\example\manual\app\public
2020-05-15 11:30:09,511 INFO 20976 [egg-security] use csrf middleware
2020-05-15 11:30:09,512 INFO 20976 [egg-security] use methodnoallow middleware
2020-05-15 11:30:09,512 INFO 20976 [egg-security] use noopen middleware
2020-05-15 11:30:09,513 INFO 20976 [egg-security] use nosniff middleware
2020-05-15 11:30:09,514 INFO 20976 [egg-security] use xssProtection middleware
2020-05-15 11:30:09,514 INFO 20976 [egg-security] use xframe middleware
2020-05-15 11:30:09,514 INFO 20976 [egg-security] use dta middleware
2020-05-15 11:30:09,514 INFO 20976 [egg-security] compose 7 middlewares into one security middleware
2020-05-15 11:30:09,523 INFO 20976 [egg:core] dump config after load, 6ms
2020-05-15 11:30:09,532 INFO 20976 [egg-watcher:application] watcher start success
2020-05-15 11:30:09,540 INFO 20976 [egg:core] dump config after ready, 6ms
2020-05-15 11:30:10,330 INFO 20388 [egg:logger] init all loggers with options: {"dir":"D:\\workspaceMy\\study\\nodejs\\egg\\example\\manual\\logs\\manual","encoding":"utf8","env":"local","level":"INFO","consoleLevel":"INFO","disableConsoleAfterReady":false,"outputJSON":false,"buffer":true,"appLogName":"manual-web.log","coreLogName":"egg-web.log","agentLogName":"egg-agent.log","errorLogName":"common-error.log","coreLogger":{"consoleLevel":"WARN"},"allowDebugAtProd":false,"type":"application"}
2020-05-15 11:30:10,352 INFO 20388 [egg-multipart] stream mode enable
2020-05-15 11:30:10,402 INFO 20388 [egg-static] starting static serve /public/ -> D:\workspaceMy\study\nodejs\egg\example\manual\app\public
2020-05-15 11:30:10,404 INFO 20388 [egg-security] use csrf middleware
2020-05-15 11:30:10,405 INFO 20388 [egg-security] use methodnoallow middleware
2020-05-15 11:30:10,406 INFO 20388 [egg-security] use noopen middleware
2020-05-15 11:30:10,407 INFO 20388 [egg-security] use nosniff middleware
2020-05-15 11:30:10,408 INFO 20388 [egg-security] use xssProtection middleware
2020-05-15 11:30:10,408 INFO 20388 [egg-security] use xframe middleware
2020-05-15 11:30:10,409 INFO 20388 [egg-security] use dta middleware
2020-05-15 11:30:10,409 INFO 20388 [egg-security] compose 7 middlewares into one security middleware
2020-05-15 11:30:10,421 INFO 20388 [egg:core] dump config after load, 9ms
2020-05-15 11:30:10,440 INFO 20388 [egg-watcher:application] watcher start success
2020-05-15 11:30:10,447 INFO 20388 [egg:core] dump config after ready, 6ms
2020-05-16 09:31:38,698 INFO 28248 [egg:logger] init all loggers with options: {"dir":"D:\\workspaceMy\\study\\nodejs\\egg\\example\\manual\\logs\\manual","encoding":"utf8","env":"local","level":"INFO","consoleLevel":"INFO","disableConsoleAfterReady":false,"outputJSON":false,"buffer":true,"appLogName":"manual-web.log","coreLogName":"egg-web.log","agentLogName":"egg-agent.log","errorLogName":"common-error.log","coreLogger":{"consoleLevel":"WARN"},"allowDebugAtProd":false,"type":"application"}
2020-05-16 09:31:38,719 INFO 28248 [egg-multipart] stream mode enable
2020-05-16 09:31:38,768 INFO 28248 [egg-static] starting static serve /public/ -> D:\workspaceMy\study\nodejs\egg\example\manual\app\public
2020-05-16 09:31:38,770 INFO 28248 [egg-security] use csrf middleware
2020-05-16 09:31:38,771 INFO 28248 [egg-security] use methodnoallow middleware
2020-05-16 09:31:38,771 INFO 28248 [egg-security] use noopen middleware
2020-05-16 09:31:38,772 INFO 28248 [egg-security] use nosniff middleware
2020-05-16 09:31:38,772 INFO 28248 [egg-security] use xssProtection middleware
2020-05-16 09:31:38,773 INFO 28248 [egg-security] use xframe middleware
2020-05-16 09:31:38,773 INFO 28248 [egg-security] use dta middleware
2020-05-16 09:31:38,773 INFO 28248 [egg-security] compose 7 middlewares into one security middleware
2020-05-16 09:31:38,782 INFO 28248 [egg:core] dump config after load, 6ms
2020-05-16 09:31:38,792 INFO 28248 [egg-watcher:application] watcher start success
2020-05-16 09:31:38,799 INFO 28248 [egg:core] dump config after ready, 6ms
2020-05-16 09:38:07,039 INFO 27808 [egg:logger] init all loggers with options: {"dir":"D:\\workspaceMy\\study\\nodejs\\egg\\example\\manual\\logs\\manual","encoding":"utf8","env":"local","level":"INFO","consoleLevel":"INFO","disableConsoleAfterReady":false,"outputJSON":false,"buffer":true,"appLogName":"manual-web.log","coreLogName":"egg-web.log","agentLogName":"egg-agent.log","errorLogName":"common-error.log","coreLogger":{"consoleLevel":"WARN"},"allowDebugAtProd":false,"type":"application"}
2020-05-16 09:38:07,061 INFO 27808 [egg-multipart] stream mode enable
2020-05-16 09:38:07,111 INFO 27808 [egg-static] starting static serve /public/ -> D:\workspaceMy\study\nodejs\egg\example\manual\app\public
2020-05-16 09:38:07,113 INFO 27808 [egg-security] use csrf middleware
2020-05-16 09:38:07,114 INFO 27808 [egg-security] use methodnoallow middleware
2020-05-16 09:38:07,115 INFO 27808 [egg-security] use noopen middleware
2020-05-16 09:38:07,115 INFO 27808 [egg-security] use nosniff middleware
2020-05-16 09:38:07,116 INFO 27808 [egg-security] use xssProtection middleware
2020-05-16 09:38:07,116 INFO 27808 [egg-security] use xframe middleware
2020-05-16 09:38:07,116 INFO 27808 [egg-security] use dta middleware
2020-05-16 09:38:07,116 INFO 27808 [egg-security] compose 7 middlewares into one security middleware
2020-05-16 09:38:07,125 INFO 27808 [egg:core] dump config after load, 6ms
2020-05-16 09:38:07,133 INFO 27808 [egg-watcher:application] watcher start success
2020-05-16 09:38:07,141 INFO 27808 [egg:core] dump config after ready, 6ms
2020-05-16 09:38:35,368 INFO 29484 [egg:logger] init all loggers with options: {"dir":"D:\\workspaceMy\\study\\nodejs\\egg\\example\\manual\\logs\\manual","encoding":"utf8","env":"local","level":"INFO","consoleLevel":"INFO","disableConsoleAfterReady":false,"outputJSON":false,"buffer":true,"appLogName":"manual-web.log","coreLogName":"egg-web.log","agentLogName":"egg-agent.log","errorLogName":"common-error.log","coreLogger":{"consoleLevel":"WARN"},"allowDebugAtProd":false,"type":"application"}
2020-05-16 09:38:35,389 INFO 29484 [egg-multipart] stream mode enable
2020-05-16 09:38:35,439 INFO 29484 [egg-static] starting static serve /public/ -> D:\workspaceMy\study\nodejs\egg\example\manual\app\public
2020-05-16 09:38:35,441 INFO 29484 [egg-security] use csrf middleware
2020-05-16 09:38:35,442 INFO 29484 [egg-security] use methodnoallow middleware
2020-05-16 09:38:35,443 INFO 29484 [egg-security] use noopen middleware
2020-05-16 09:38:35,443 INFO 29484 [egg-security] use nosniff middleware
2020-05-16 09:38:35,444 INFO 29484 [egg-security] use xssProtection middleware
2020-05-16 09:38:35,444 INFO 29484 [egg-security] use xframe middleware
2020-05-16 09:38:35,444 INFO 29484 [egg-security] use dta middleware
2020-05-16 09:38:35,444 INFO 29484 [egg-security] compose 7 middlewares into one security middleware
2020-05-16 09:38:35,453 INFO 29484 [egg:core] dump config after load, 5ms
2020-05-16 09:38:35,462 INFO 29484 [egg-watcher:application] watcher start success
2020-05-16 09:38:35,470 INFO 29484 [egg:core] dump config after ready, 7ms
2020-05-18 09:14:42,113 INFO 40860 [egg:logger] init all loggers with options: {"dir":"D:\\workspaceMy\\study\\nodejs\\egg\\example\\manual\\logs\\manual","encoding":"utf8","env":"local","level":"INFO","consoleLevel":"INFO","disableConsoleAfterReady":false,"outputJSON":false,"buffer":true,"appLogName":"manual-web.log","coreLogName":"egg-web.log","agentLogName":"egg-agent.log","errorLogName":"common-error.log","coreLogger":{"consoleLevel":"WARN"},"allowDebugAtProd":false,"type":"application"}
2020-05-18 09:14:42,142 INFO 40860 [egg-multipart] stream mode enable
2020-05-18 09:14:42,218 INFO 40860 [egg-static] starting static serve /public/ -> D:\workspaceMy\study\nodejs\egg\example\manual\app\public
2020-05-18 09:14:42,221 INFO 40860 [egg-security] use csrf middleware
2020-05-18 09:14:42,222 INFO 40860 [egg-security] use methodnoallow middleware
2020-05-18 09:14:42,223 INFO 40860 [egg-security] use noopen middleware
2020-05-18 09:14:42,224 INFO 40860 [egg-security] use nosniff middleware
2020-05-18 09:14:42,224 INFO 40860 [egg-security] use xssProtection middleware
2020-05-18 09:14:42,224 INFO 40860 [egg-security] use xframe middleware
2020-05-18 09:14:42,225 INFO 40860 [egg-security] use dta middleware
2020-05-18 09:14:42,225 INFO 40860 [egg-security] compose 7 middlewares into one security middleware
2020-05-18 09:14:42,235 INFO 40860 [egg:core] dump config after load, 7ms
2020-05-18 09:14:42,247 INFO 40860 [egg-watcher:application] watcher start success
2020-05-18 09:14:42,257 INFO 40860 [egg:core] dump config after ready, 8ms
2020-05-18 09:19:48,464 INFO 38340 [egg:logger] init all loggers with options: {"dir":"D:\\workspaceMy\\study\\nodejs\\egg\\example\\manual\\logs\\manual","encoding":"utf8","env":"local","level":"INFO","consoleLevel":"INFO","disableConsoleAfterReady":false,"outputJSON":false,"buffer":true,"appLogName":"manual-web.log","coreLogName":"egg-web.log","agentLogName":"egg-agent.log","errorLogName":"common-error.log","coreLogger":{"consoleLevel":"WARN"},"allowDebugAtProd":false,"type":"application"}
2020-05-18 09:19:48,485 INFO 38340 [egg-multipart] stream mode enable
2020-05-18 09:19:48,537 INFO 38340 [egg-static] starting static serve /public/ -> D:\workspaceMy\study\nodejs\egg\example\manual\app\public
2020-05-18 09:19:48,539 INFO 38340 [egg-security] use csrf middleware
2020-05-18 09:19:48,540 INFO 38340 [egg-security] use methodnoallow middleware
2020-05-18 09:19:48,540 INFO 38340 [egg-security] use noopen middleware
2020-05-18 09:19:48,541 INFO 38340 [egg-security] use nosniff middleware
2020-05-18 09:19:48,541 INFO 38340 [egg-security] use xssProtection middleware
2020-05-18 09:19:48,542 INFO 38340 [egg-security] use xframe middleware
2020-05-18 09:19:48,542 INFO 38340 [egg-security] use dta middleware
2020-05-18 09:19:48,542 INFO 38340 [egg-security] compose 7 middlewares into one security middleware
2020-05-18 09:19:48,551 INFO 38340 [egg:core] dump config after load, 5ms
2020-05-18 09:19:48,561 INFO 38340 [egg-watcher:application] watcher start success
2020-05-18 09:19:48,569 INFO 38340 [egg:core] dump config after ready, 6ms
2020-05-18 09:20:00,840 INFO 39256 [egg:logger] init all loggers with options: {"dir":"D:\\workspaceMy\\study\\nodejs\\egg\\example\\manual\\logs\\manual","encoding":"utf8","env":"local","level":"INFO","consoleLevel":"INFO","disableConsoleAfterReady":false,"outputJSON":false,"buffer":true,"appLogName":"manual-web.log","coreLogName":"egg-web.log","agentLogName":"egg-agent.log","errorLogName":"common-error.log","coreLogger":{"consoleLevel":"WARN"},"allowDebugAtProd":false,"type":"application"}
2020-05-18 09:20:00,865 INFO 39256 [egg-multipart] stream mode enable
2020-05-18 09:20:00,937 INFO 39256 [egg-static] starting static serve /public/ -> D:\workspaceMy\study\nodejs\egg\example\manual\app\public
2020-05-18 09:20:00,940 INFO 39256 [egg-security] use csrf middleware
2020-05-18 09:20:00,941 INFO 39256 [egg-security] use methodnoallow middleware
2020-05-18 09:20:00,942 INFO 39256 [egg-security] use noopen middleware
2020-05-18 09:20:00,943 INFO 39256 [egg-security] use nosniff middleware
2020-05-18 09:20:00,943 INFO 39256 [egg-security] use xssProtection middleware
2020-05-18 09:20:00,944 INFO 39256 [egg-security] use xframe middleware
2020-05-18 09:20:00,945 INFO 39256 [egg-security] use dta middleware
2020-05-18 09:20:00,945 INFO 39256 [egg-security] compose 7 middlewares into one security middleware
2020-05-18 09:20:00,957 INFO 39256 [egg:core] dump config after load, 7ms
2020-05-18 09:20:00,970 INFO 39256 [egg-watcher:application] watcher start success
2020-05-18 09:20:00,982 INFO 39256 [egg:core] dump config after ready, 9ms
2020-05-18 09:20:06,199 INFO 38580 [egg:logger] init all loggers with options: {"dir":"D:\\workspaceMy\\study\\nodejs\\egg\\example\\manual\\logs\\manual","encoding":"utf8","env":"local","level":"INFO","consoleLevel":"INFO","disableConsoleAfterReady":false,"outputJSON":false,"buffer":true,"appLogName":"manual-web.log","coreLogName":"egg-web.log","agentLogName":"egg-agent.log","errorLogName":"common-error.log","coreLogger":{"consoleLevel":"WARN"},"allowDebugAtProd":false,"type":"application"}
2020-05-18 09:20:06,221 INFO 38580 [egg-multipart] stream mode enable
2020-05-18 09:20:06,275 INFO 38580 [egg-static] starting static serve /public/ -> D:\workspaceMy\study\nodejs\egg\example\manual\app\public
2020-05-18 09:20:06,277 INFO 38580 [egg-security] use csrf middleware
2020-05-18 09:20:06,278 INFO 38580 [egg-security] use methodnoallow middleware
2020-05-18 09:20:06,279 INFO 38580 [egg-security] use noopen middleware
2020-05-18 09:20:06,280 INFO 38580 [egg-security] use nosniff middleware
2020-05-18 09:20:06,280 INFO 38580 [egg-security] use xssProtection middleware
2020-05-18 09:20:06,280 INFO 38580 [egg-security] use xframe middleware
2020-05-18 09:20:06,281 INFO 38580 [egg-security] use dta middleware
2020-05-18 09:20:06,281 INFO 38580 [egg-security] compose 7 middlewares into one security middleware
2020-05-18 09:20:06,291 INFO 38580 [egg:core] dump config after load, 6ms
2020-05-18 09:20:06,300 INFO 38580 [egg-watcher:application] watcher start success
2020-05-18 09:20:06,307 INFO 38580 [egg:core] dump config after ready, 6ms
2020-05-18 09:21:12,441 INFO 31628 [egg:logger] init all loggers with options: {"dir":"D:\\workspaceMy\\study\\nodejs\\egg\\example\\manual\\logs\\manual","encoding":"utf8","env":"local","level":"INFO","consoleLevel":"INFO","disableConsoleAfterReady":false,"outputJSON":false,"buffer":true,"appLogName":"manual-web.log","coreLogName":"egg-web.log","agentLogName":"egg-agent.log","errorLogName":"common-error.log","coreLogger":{"consoleLevel":"WARN"},"allowDebugAtProd":false,"type":"application"}
2020-05-18 09:21:12,464 INFO 31628 [egg-multipart] stream mode enable
2020-05-18 09:21:12,520 INFO 31628 [egg-static] starting static serve /public/ -> D:\workspaceMy\study\nodejs\egg\example\manual\app\public
2020-05-18 09:21:12,522 INFO 31628 [egg-security] use csrf middleware
2020-05-18 09:21:12,524 INFO 31628 [egg-security] use methodnoallow middleware
2020-05-18 09:21:12,524 INFO 31628 [egg-security] use noopen middleware
2020-05-18 09:21:12,525 INFO 31628 [egg-security] use nosniff middleware
2020-05-18 09:21:12,525 INFO 31628 [egg-security] use xssProtection middleware
2020-05-18 09:21:12,526 INFO 31628 [egg-security] use xframe middleware
2020-05-18 09:21:12,526 INFO 31628 [egg-security] use dta middleware
2020-05-18 09:21:12,527 INFO 31628 [egg-security] compose 7 middlewares into one security middleware
2020-05-18 09:21:12,536 INFO 31628 [egg:core] dump config after load, 6ms
2020-05-18 09:21:12,547 INFO 31628 [egg-watcher:application] watcher start success
2020-05-18 09:21:12,557 INFO 31628 [egg:core] dump config after ready, 7ms
2020-05-18 09:21:38,330 INFO 39192 [egg:logger] init all loggers with options: {"dir":"D:\\workspaceMy\\study\\nodejs\\egg\\example\\manual\\logs\\manual","encoding":"utf8","env":"local","level":"INFO","consoleLevel":"INFO","disableConsoleAfterReady":false,"outputJSON":false,"buffer":true,"appLogName":"manual-web.log","coreLogName":"egg-web.log","agentLogName":"egg-agent.log","errorLogName":"common-error.log","coreLogger":{"consoleLevel":"WARN"},"allowDebugAtProd":false,"type":"application"}
2020-05-18 09:21:38,354 INFO 39192 [egg-multipart] stream mode enable
2020-05-18 09:21:38,412 INFO 39192 [egg-static] starting static serve /public/ -> D:\workspaceMy\study\nodejs\egg\example\manual\app\public
2020-05-18 09:21:38,414 INFO 39192 [egg-security] use csrf middleware
2020-05-18 09:21:38,416 INFO 39192 [egg-security] use methodnoallow middleware
2020-05-18 09:21:38,417 INFO 39192 [egg-security] use noopen middleware
2020-05-18 09:21:38,418 INFO 39192 [egg-security] use nosniff middleware
2020-05-18 09:21:38,418 INFO 39192 [egg-security] use xssProtection middleware
2020-05-18 09:21:38,418 INFO 39192 [egg-security] use xframe middleware
2020-05-18 09:21:38,419 INFO 39192 [egg-security] use dta middleware
2020-05-18 09:21:38,419 INFO 39192 [egg-security] compose 7 middlewares into one security middleware
2020-05-18 09:21:38,428 INFO 39192 [egg:core] dump config after load, 5ms
2020-05-18 09:21:38,439 INFO 39192 [egg-watcher:application] watcher start success
2020-05-18 09:21:38,446 INFO 39192 [egg:core] dump config after ready, 6ms
2020-05-18 09:25:04,470 INFO 31628 [egg:logger] init all loggers with options: {"dir":"D:\\workspaceMy\\study\\nodejs\\egg\\example\\manual\\logs\\manual","encoding":"utf8","env":"local","level":"INFO","consoleLevel":"INFO","disableConsoleAfterReady":false,"outputJSON":false,"buffer":true,"appLogName":"manual-web.log","coreLogName":"egg-web.log","agentLogName":"egg-agent.log","errorLogName":"common-error.log","coreLogger":{"consoleLevel":"WARN"},"allowDebugAtProd":false,"type":"application"}
2020-05-18 09:25:04,493 INFO 31628 [egg-multipart] stream mode enable
2020-05-18 09:25:04,545 INFO 31628 [egg-static] starting static serve /public/ -> D:\workspaceMy\study\nodejs\egg\example\manual\app\public
2020-05-18 09:25:04,547 INFO 31628 [egg-security] use csrf middleware
2020-05-18 09:25:04,548 INFO 31628 [egg-security] use methodnoallow middleware
2020-05-18 09:25:04,548 INFO 31628 [egg-security] use noopen middleware
2020-05-18 09:25:04,549 INFO 31628 [egg-security] use nosniff middleware
2020-05-18 09:25:04,549 INFO 31628 [egg-security] use xssProtection middleware
2020-05-18 09:25:04,550 INFO 31628 [egg-security] use xframe middleware
2020-05-18 09:25:04,550 INFO 31628 [egg-security] use dta middleware
2020-05-18 09:25:04,550 INFO 31628 [egg-security] compose 7 middlewares into one security middleware
2020-05-18 09:25:04,559 INFO 31628 [egg:core] dump config after load, 6ms
2020-05-18 09:25:04,568 INFO 31628 [egg-watcher:application] watcher start success
2020-05-18 09:25:04,575 INFO 31628 [egg:core] dump config after ready, 6ms
2020-05-20 08:51:55,446 INFO 53288 [egg:logger] init all loggers with options: {"dir":"D:\\workspaceMy\\study\\nodejs\\egg\\example\\manual\\logs\\manual","encoding":"utf8","env":"local","level":"INFO","consoleLevel":"INFO","disableConsoleAfterReady":false,"outputJSON":false,"buffer":true,"appLogName":"manual-web.log","coreLogName":"egg-web.log","agentLogName":"egg-agent.log","errorLogName":"common-error.log","coreLogger":{"consoleLevel":"WARN"},"allowDebugAtProd":false,"type":"application"}
2020-05-20 08:51:55,468 INFO 53288 [egg-multipart] stream mode enable
2020-05-20 08:51:55,532 INFO 53288 [egg-static] starting static serve /public/ -> D:\workspaceMy\study\nodejs\egg\example\manual\app\public
2020-05-20 08:51:55,534 INFO 53288 [egg-security] use csrf middleware
2020-05-20 08:51:55,535 INFO 53288 [egg-security] use methodnoallow middleware
2020-05-20 08:51:55,536 INFO 53288 [egg-security] use noopen middleware
2020-05-20 08:51:55,536 INFO 53288 [egg-security] use nosniff middleware
2020-05-20 08:51:55,537 INFO 53288 [egg-security] use xssProtection middleware
2020-05-20 08:51:55,537 INFO 53288 [egg-security] use xframe middleware
2020-05-20 08:51:55,538 INFO 53288 [egg-security] use dta middleware
2020-05-20 08:51:55,538 INFO 53288 [egg-security] compose 7 middlewares into one security middleware
2020-05-20 08:51:55,547 INFO 53288 [egg:core] dump config after load, 6ms
2020-05-20 08:51:55,561 INFO 53288 [egg-watcher:application] watcher start success
2020-05-20 08:51:55,569 INFO 53288 [egg:core] dump config after ready, 6ms
2020-05-20 09:11:39,502 INFO 11280 [egg:logger] init all loggers with options: {"dir":"D:\\workspaceMy\\study\\nodejs\\egg\\example\\manual\\logs\\manual","encoding":"utf8","env":"local","level":"INFO","consoleLevel":"INFO","disableConsoleAfterReady":false,"outputJSON":false,"buffer":true,"appLogName":"manual-web.log","coreLogName":"egg-web.log","agentLogName":"egg-agent.log","errorLogName":"common-error.log","coreLogger":{"consoleLevel":"WARN"},"allowDebugAtProd":false,"type":"application"}
2020-05-20 09:11:39,523 INFO 11280 [egg-multipart] stream mode enable
2020-05-20 09:11:39,573 INFO 11280 [egg-static] starting static serve /public/ -> D:\workspaceMy\study\nodejs\egg\example\manual\app\public
2020-05-20 09:11:39,575 INFO 11280 [egg-security] use csrf middleware
2020-05-20 09:11:39,576 INFO 11280 [egg-security] use methodnoallow middleware
2020-05-20 09:11:39,576 INFO 11280 [egg-security] use noopen middleware
2020-05-20 09:11:39,577 INFO 11280 [egg-security] use nosniff middleware
2020-05-20 09:11:39,578 INFO 11280 [egg-security] use xssProtection middleware
2020-05-20 09:11:39,578 INFO 11280 [egg-security] use xframe middleware
2020-05-20 09:11:39,578 INFO 11280 [egg-security] use dta middleware
2020-05-20 09:11:39,578 INFO 11280 [egg-security] compose 7 middlewares into one security middleware
2020-05-20 09:11:39,588 INFO 11280 [egg:core] dump config after load, 6ms
2020-05-20 09:11:39,596 INFO 11280 [egg-watcher:application] watcher start success
2020-05-20 09:11:39,605 INFO 11280 [egg:core] dump config after ready, 7ms
2020-05-20 09:16:12,776 INFO 53384 [egg:logger] init all loggers with options: {"dir":"D:\\workspaceMy\\study\\nodejs\\egg\\example\\manual\\logs\\manual","encoding":"utf8","env":"local","level":"INFO","consoleLevel":"INFO","disableConsoleAfterReady":false,"outputJSON":false,"buffer":true,"appLogName":"manual-web.log","coreLogName":"egg-web.log","agentLogName":"egg-agent.log","errorLogName":"common-error.log","coreLogger":{"consoleLevel":"WARN"},"allowDebugAtProd":false,"type":"application"}
2020-05-20 09:16:12,797 INFO 53384 [egg-multipart] stream mode enable
2020-05-20 09:16:12,853 INFO 53384 [egg-static] starting static serve /public/ -> D:\workspaceMy\study\nodejs\egg\example\manual\app\public
2020-05-20 09:16:12,855 INFO 53384 [egg-security] use csrf middleware
2020-05-20 09:16:12,856 INFO 53384 [egg-security] use methodnoallow middleware
2020-05-20 09:16:12,857 INFO 53384 [egg-security] use noopen middleware
2020-05-20 09:16:12,858 INFO 53384 [egg-security] use nosniff middleware
2020-05-20 09:16:12,858 INFO 53384 [egg-security] use xssProtection middleware
2020-05-20 09:16:12,858 INFO 53384 [egg-security] use xframe middleware
2020-05-20 09:16:12,859 INFO 53384 [egg-security] use dta middleware
2020-05-20 09:16:12,859 INFO 53384 [egg-security] compose 7 middlewares into one security middleware
2020-05-20 09:16:12,869 INFO 53384 [egg:core] dump config after load, 5ms
2020-05-20 09:16:12,877 INFO 53384 [egg-watcher:application] watcher start success
2020-05-20 09:16:12,885 INFO 53384 [egg:core] dump config after ready, 6ms
2020-05-20 09:19:28,695 INFO 49852 [egg:logger] init all loggers with options: {"dir":"D:\\workspaceMy\\study\\nodejs\\egg\\example\\manual\\logs\\manual","encoding":"utf8","env":"local","level":"INFO","consoleLevel":"INFO","disableConsoleAfterReady":false,"outputJSON":false,"buffer":true,"appLogName":"manual-web.log","coreLogName":"egg-web.log","agentLogName":"egg-agent.log","errorLogName":"common-error.log","coreLogger":{"consoleLevel":"WARN"},"allowDebugAtProd":false,"type":"application"}
2020-05-20 09:19:28,717 INFO 49852 [egg-multipart] stream mode enable
2020-05-20 09:19:28,773 INFO 49852 [egg-static] starting static serve /public/ -> D:\workspaceMy\study\nodejs\egg\example\manual\app\public
2020-05-20 09:19:28,775 INFO 49852 [egg-security] use csrf middleware
2020-05-20 09:19:28,776 INFO 49852 [egg-security] use methodnoallow middleware
2020-05-20 09:19:28,776 INFO 49852 [egg-security] use noopen middleware
2020-05-20 09:19:28,777 INFO 49852 [egg-security] use nosniff middleware
2020-05-20 09:19:28,777 INFO 49852 [egg-security] use xssProtection middleware
2020-05-20 09:19:28,778 INFO 49852 [egg-security] use xframe middleware
2020-05-20 09:19:28,778 INFO 49852 [egg-security] use dta middleware
2020-05-20 09:19:28,778 INFO 49852 [egg-security] compose 7 middlewares into one security middleware
2020-05-20 09:19:28,788 INFO 49852 [egg:core] dump config after load, 6ms
2020-05-20 09:19:28,797 INFO 49852 [egg-watcher:application] watcher start success
2020-05-20 09:19:28,806 INFO 49852 [egg:core] dump config after ready, 6ms
2020-05-20 09:33:46,761 INFO 51992 [egg:logger] init all loggers with options: {"dir":"D:\\workspaceMy\\study\\nodejs\\egg\\example\\manual\\logs\\manual","encoding":"utf8","env":"local","level":"INFO","consoleLevel":"INFO","disableConsoleAfterReady":false,"outputJSON":false,"buffer":true,"appLogName":"manual-web.log","coreLogName":"egg-web.log","agentLogName":"egg-agent.log","errorLogName":"common-error.log","coreLogger":{"consoleLevel":"WARN"},"allowDebugAtProd":false,"type":"application"}
2020-05-20 09:33:46,785 INFO 51992 [egg-multipart] stream mode enable
2020-05-20 09:33:46,840 INFO 51992 [egg-static] starting static serve /public/ -> D:\workspaceMy\study\nodejs\egg\example\manual\app\public
2020-05-20 09:33:46,843 INFO 51992 [egg-security] use csrf middleware
2020-05-20 09:33:46,844 INFO 51992 [egg-security] use methodnoallow middleware
2020-05-20 09:33:46,844 INFO 51992 [egg-security] use noopen middleware
2020-05-20 09:33:46,845 INFO 51992 [egg-security] use nosniff middleware
2020-05-20 09:33:46,845 INFO 51992 [egg-security] use xssProtection middleware
2020-05-20 09:33:46,846 INFO 51992 [egg-security] use xframe middleware
2020-05-20 09:33:46,846 INFO 51992 [egg-security] use dta middleware
2020-05-20 09:33:46,846 INFO 51992 [egg-security] compose 7 middlewares into one security middleware
2020-05-20 09:33:46,856 INFO 51992 [egg:core] dump config after load, 6ms
2020-05-20 09:33:46,866 INFO 51992 [egg-watcher:application] watcher start success
2020-05-20 09:33:46,875 INFO 51992 [egg:core] dump config after ready, 7ms
